<?xml version="1.0" encoding="UTF-8"?>
<!-- Generated by org.testng.reporters.JUnitReportReporter -->
<testsuite hostname="DESKTOP-CIEOMG7" failures="0" tests="3" name="ecommerceproject.FrameworkPackage.Tests.SubmitOrderTest" time="19.162" errors="0" timestamp="2024-07-11T11:38:06 IST" skipped="0">
  <testcase classname="ecommerceproject.FrameworkPackage.Tests.SubmitOrderTest" name="OrderHistoryTest" time="2.881"/>
  <testcase classname="ecommerceproject.FrameworkPackage.Tests.SubmitOrderTest" name="submitOrder" time="7.513"/>
  <testcase classname="ecommerceproject.FrameworkPackage.Tests.SubmitOrderTest" name="submitOrder" time="8.768"/>
</testsuite> <!-- ecommerceproject.FrameworkPackage.Tests.SubmitOrderTest -->
